<?xml version="1.0" encoding="UTF-8"?>
<!-- Generated by org.testng.reporters.JUnitReportReporter -->
<testsuite hostname="APL-PF305N7M" failures="0" tests="1" name="ReadDataFromExcel" time="0.441" errors="0" timestamp="2023-05-12T13:05:50 IST" skipped="0">
  <testcase classname="ReadDataFromExcel" name="readData" time="0.441"/>
  <system-out/>
</testsuite> <!-- ReadDataFromExcel -->
